<?xml version="1.0" encoding="UTF-8"?>
<!-- Generated by org.testng.reporters.JUnitReportReporter -->
<testsuite skipped="0" hostname="DESKTOP-O594KU0" name="com.maven.automation.testcase.SalesloftListTest" tests="5" failures="0" timestamp="2021-08-13T11:54:18 IST" time="365.377" errors="0">
  <testcase name="loginTest" time="29.063" classname="com.maven.automation.testcase.SalesloftListTest"/>
  <system-out/>
  <testcase name="clickNonProductionPopup" time="0.169" classname="com.maven.automation.testcase.SalesloftListTest"/>
  <system-out/>
  <testcase name="salesloftListCreation" time="23.522" classname="com.maven.automation.testcase.SalesloftListTest"/>
  <system-out/>
  <testcase name="listLoading" time="20.592" classname="com.maven.automation.testcase.SalesloftListTest"/>
  <system-out/>
  <testcase name="ConnectToPhoneBridge" time="292.031" classname="com.maven.automation.testcase.SalesloftListTest"/>
  <system-out/>
</testsuite> <!-- com.maven.automation.testcase.SalesloftListTest -->
