<?xml version="1.0" encoding="UTF-8"?>
<!-- Generated by org.testng.reporters.JUnitReportReporter -->
<testsuite skipped="0" hostname="DESKTOP-O594KU0" name="com.maven.automation.testcase.CSVIndividualListTest" tests="7" failures="0" timestamp="2021-08-19T17:27:04 IST" time="172.300" errors="0">
  <testcase name="loginTest" time="22.942" classname="com.maven.automation.testcase.CSVIndividualListTest"/>
  <system-out/>
  <testcase name="clickNonProductionPopup" time="12.146" classname="com.maven.automation.testcase.CSVIndividualListTest"/>
  <system-out/>
  <testcase name="CSV_IndividualList" time="25.500" classname="com.maven.automation.testcase.CSVIndividualListTest"/>
  <system-out/>
  <testcase name="listLoading" time="11.121" classname="com.maven.automation.testcase.CSVIndividualListTest"/>
  <system-out/>
  <testcase name="connectToPhoneBridge" time="86.913" classname="com.maven.automation.testcase.CSVIndividualListTest"/>
  <system-out/>
  <testcase name="callDisposition" time="6.767" classname="com.maven.automation.testcase.CSVIndividualListTest"/>
  <system-out/>
  <testcase name="logoutTest" time="6.911" classname="com.maven.automation.testcase.CSVIndividualListTest"/>
  <system-out/>
</testsuite> <!-- com.maven.automation.testcase.CSVIndividualListTest -->
