<?xml version="1.0" encoding="UTF-8"?>
<!-- Generated by org.testng.reporters.JUnitReportReporter -->
<testsuite skipped="0" hostname="DESKTOP-O594KU0" name="com.maven.automation.testcase.SalesloftMyCadenceListTest" tests="6" failures="0" timestamp="2021-08-18T11:17:52 IST" time="230.698" errors="0">
  <testcase name="loginTest" time="31.856" classname="com.maven.automation.testcase.SalesloftMyCadenceListTest"/>
  <system-out/>
  <testcase name="clickNonProductionPopup" time="0.434" classname="com.maven.automation.testcase.SalesloftMyCadenceListTest"/>
  <system-out/>
  <testcase name="salesloft_MycadenceList" time="23.081" classname="com.maven.automation.testcase.SalesloftMyCadenceListTest"/>
  <system-out/>
  <testcase name="listLoading" time="19.277" classname="com.maven.automation.testcase.SalesloftMyCadenceListTest"/>
  <system-out/>
  <testcase name="ConnectToPhoneBridge" time="152.474" classname="com.maven.automation.testcase.SalesloftMyCadenceListTest"/>
  <system-out/>
  <testcase name="logoutTest" time="3.576" classname="com.maven.automation.testcase.SalesloftMyCadenceListTest"/>
  <system-out/>
</testsuite> <!-- com.maven.automation.testcase.SalesloftMyCadenceListTest -->
