<?xml version="1.0" encoding="UTF-8"?>
<!-- Generated by org.testng.reporters.JUnitReportReporter -->
<testsuite skipped="0" hostname="DESKTOP-O594KU0" name="com.maven.automation.testcase.SalesforceLeadpoolListTest" tests="7" failures="0" timestamp="2021-08-19T17:27:04 IST" time="165.554" errors="0">
  <testcase name="loginTest" time="33.999" classname="com.maven.automation.testcase.SalesforceLeadpoolListTest"/>
  <system-out/>
  <testcase name="clickNonProductionPopup" time="12.390" classname="com.maven.automation.testcase.SalesforceLeadpoolListTest"/>
  <system-out/>
  <testcase name="Salesforce_IndividualList" time="31.302" classname="com.maven.automation.testcase.SalesforceLeadpoolListTest"/>
  <system-out/>
  <testcase name="listLoading" time="29.375" classname="com.maven.automation.testcase.SalesforceLeadpoolListTest"/>
  <system-out/>
  <testcase name="ConnectToPhoneBridge" time="43.134" classname="com.maven.automation.testcase.SalesforceLeadpoolListTest"/>
  <system-out/>
  <testcase name="callDisposition" time="6.729" classname="com.maven.automation.testcase.SalesforceLeadpoolListTest"/>
  <system-out/>
  <testcase name="logoutTest" time="8.625" classname="com.maven.automation.testcase.SalesforceLeadpoolListTest"/>
  <system-out/>
</testsuite> <!-- com.maven.automation.testcase.SalesforceLeadpoolListTest -->
