<?xml version="1.0" encoding="UTF-8"?>
<!-- Generated by org.testng.reporters.JUnitReportReporter -->
<testsuite skipped="0" hostname="DESKTOP-O594KU0" name="com.maven.automation.testcase.CSVLeadpoolListTest" tests="7" failures="0" timestamp="2021-08-19T17:27:04 IST" time="130.423" errors="0">
  <testcase name="loginTest" time="25.396" classname="com.maven.automation.testcase.CSVLeadpoolListTest"/>
  <system-out/>
  <testcase name="clickNonProductionPopup" time="12.164" classname="com.maven.automation.testcase.CSVLeadpoolListTest"/>
  <system-out/>
  <testcase name="CSV_LeadPoolList" time="25.089" classname="com.maven.automation.testcase.CSVLeadpoolListTest"/>
  <system-out/>
  <testcase name="listLoading" time="12.088" classname="com.maven.automation.testcase.CSVLeadpoolListTest"/>
  <system-out/>
  <testcase name="ConnectToPhoneBridge" time="42.540" classname="com.maven.automation.testcase.CSVLeadpoolListTest"/>
  <system-out/>
  <testcase name="callDisposition" time="6.753" classname="com.maven.automation.testcase.CSVLeadpoolListTest"/>
  <system-out/>
  <testcase name="logoutTest" time="6.393" classname="com.maven.automation.testcase.CSVLeadpoolListTest"/>
  <system-out/>
</testsuite> <!-- com.maven.automation.testcase.CSVLeadpoolListTest -->
