<?xml version="1.0" encoding="UTF-8"?>
<!-- Generated by org.testng.reporters.JUnitReportReporter -->
<testsuite skipped="0" hostname="DESKTOP-O594KU0" name="com.maven.automation.testcase.SalesforceTemplateListTest" tests="7" failures="0" timestamp="2021-08-19T17:27:04 IST" time="223.662" errors="0">
  <testcase name="loginTest" time="29.134" classname="com.maven.automation.testcase.SalesforceTemplateListTest"/>
  <system-out/>
  <testcase name="clickNonProductionPopup" time="12.089" classname="com.maven.automation.testcase.SalesforceTemplateListTest"/>
  <system-out/>
  <testcase name="Salesforce_List" time="24.713" classname="com.maven.automation.testcase.SalesforceTemplateListTest"/>
  <system-out/>
  <testcase name="listLoading" time="11.389" classname="com.maven.automation.testcase.SalesforceTemplateListTest"/>
  <system-out/>
  <testcase name="ConnectToPhoneBridge" time="130.676" classname="com.maven.automation.testcase.SalesforceTemplateListTest"/>
  <system-out/>
  <testcase name="callDisposition" time="6.714" classname="com.maven.automation.testcase.SalesforceTemplateListTest"/>
  <system-out/>
  <testcase name="logoutTest" time="8.947" classname="com.maven.automation.testcase.SalesforceTemplateListTest"/>
  <system-out/>
</testsuite> <!-- com.maven.automation.testcase.SalesforceTemplateListTest -->
