<?xml version="1.0" encoding="UTF-8"?>
<!-- Generated by org.testng.reporters.JUnitReportReporter -->
<testsuite skipped="0" hostname="DESKTOP-O594KU0" name="com.maven.automation.testcase.SalesforceIndividualListTest" tests="7" failures="0" timestamp="2021-08-19T17:27:04 IST" time="146.588" errors="0">
  <testcase name="loginTest" time="29.880" classname="com.maven.automation.testcase.SalesforceIndividualListTest"/>
  <system-out/>
  <testcase name="clickNonProductionPopup" time="12.129" classname="com.maven.automation.testcase.SalesforceIndividualListTest"/>
  <system-out/>
  <testcase name="Salesforce_IndividualList" time="29.016" classname="com.maven.automation.testcase.SalesforceIndividualListTest"/>
  <system-out/>
  <testcase name="listLoading" time="17.363" classname="com.maven.automation.testcase.SalesforceIndividualListTest"/>
  <system-out/>
  <testcase name="ConnectToPhoneBridge" time="43.475" classname="com.maven.automation.testcase.SalesforceIndividualListTest"/>
  <system-out/>
  <testcase name="callDisposition" time="6.729" classname="com.maven.automation.testcase.SalesforceIndividualListTest"/>
  <system-out/>
  <testcase name="logoutTest" time="7.996" classname="com.maven.automation.testcase.SalesforceIndividualListTest"/>
  <system-out/>
</testsuite> <!-- com.maven.automation.testcase.SalesforceIndividualListTest -->
